Arguments: 
  /Users/sarahbuisson/.nvm/versions/node/v13.7.0/bin/node /usr/local/Cellar/yarn/1.22.0/libexec/bin/yarn.js install

PATH: 
  /Users/sarahbuisson/.nvm/versions/node/v13.7.0/bin:/Users/sarahbuisson/.jenv/shims:/Users/sarahbuisson/.jenv/bin:/Users/sarahbuisson/.jenv/shims:/usr/local/bin:/usr/bin:/bin:/usr/sbin:/sbin

Yarn version: 
  1.22.0

Node version: 
  13.7.0

Platform: 
  darwin x64

Trace: 
  SyntaxError: /Users/sarahbuisson/dev/workspace-perso/grid-game-sample/website/package.json: Unexpected token } in JSON at position 2157
      at JSON.parse (<anonymous>)
      at /usr/local/Cellar/yarn/1.22.0/libexec/lib/cli.js:1625:59
      at Generator.next (<anonymous>)
      at step (/usr/local/Cellar/yarn/1.22.0/libexec/lib/cli.js:310:30)
      at /usr/local/Cellar/yarn/1.22.0/libexec/lib/cli.js:321:13

npm manifest: 
  {
    "name": "grid-game-site",
    "version": "1.0.0",
    "main": "index.js",
    "scripts": {
      "start": "npm run startClient",
      "startClient": "webpack-dev-server --config ./webpack.config.js --mode development",
      "build": "npm run buildClient",
      "buildClient": "webpack --mode production --config webpack.config.js",
      "test": "jest --coverage",
      "postinstall": "npx install-jar-dependency package.json"
    },
    "keywords": [],
    "author": "",
    "license": "ISC",
    "devDependencies": {
      "@babel/core": "^7.4.4",
      "@babel/plugin-proposal-class-properties": "^7.4.4",
      "@babel/plugin-syntax-throw-expressions": "^7.2.0",
      "@babel/plugin-transform-runtime": "^7.4.4",
      "@babel/preset-env": "^7.4.4",
      "@babel/preset-react": "^7.0.0",
      "babel-core": "^6.26.3",
      "babel-loader": "^8.0.5",
      "babel-polyfill": "^6.26.0",
      "babel-preset-react": "^6.24.1",
      "css-loader": "^2.1.1",
      "html-loader": "^0.5.5",
      "html-webpack-plugin": "^3.2.0",
      "install-jar-dependency": "0.0.8",
      "jest": "^24.8.0",
      "react": "^16.8.6",
      "react-dom": "^16.8.6",
      "react-scripts": "2.1.3",
      "webpack": "^4.31.0",
      "webpack-cli": "^3.3.2",
      "webpack-dev-server": "^3.3.1",
      "webpack-node-externals": "^1.7.2"
    },
    "dependencies": {
      "@babel/runtime": "^7.4.4",
      "@koa/cors": "^2.2.3",
      "axios": "^0.18.0",
      "d3": "^5.7.0",
      "d3-force": "^2.0.1",
      "koa": "^2.7.0",
      "koa-bodyparser": "^4.2.1",
      "koa-router": "^7.4.0",
      "kotlin": "1.3.70",
      "lodash": "^4.17.15",
      "prop-types": "^15.7.2",
      "react-redux": "^7.0.3",
      "react-router-dom": "^5.0.0",
      "redux": "^4.0.1",
      "redux-thunk": "^2.3.0",
      "request": "^2.88.0",
      "start": "^5.1.0",
      "style-loader": "^0.23.1",
      "uuid": "^3.3.2"
    },
    "mavenDependencies": {
      "kotlin-logging": "io.github.microutils:kotlin-logging-js:1.7.9",
      "kotlin-stdlib": "org.jetbrains.kotlin:kotlin-stdlib-js:1.3.70",
      "kotlin-stdlib-js": "org.jetbrains.kotlin:kotlin-stdlib-js:1.3.70",
      "kotlinx-serialization-kotlinx-serialization-runtime": "org.jetbrains.kotlinx:kotlinx-serialization-runtime-js:0.20.0",
  
    },
    "jarDependencies": {
      "easy-rules-kotlin-easy-rules-core": "https://packagecloud.io/sarahBuisson/snapshot/packages/java/org.jeasy/easy-rules-core-npm-3.2.4-snapshot.jar/artifacts/easy-rules-core-npm-3.2.4-snapshot.jar",
      "easy-rules-kotlin-easy-rules-api": "https://packagecloud.io/sarahBuisson/snapshot/packages/java/org.jeasy/easy-rules-api-npm-3.2.4-snapshot.jar/artifacts/easy-rules-api-npm-3.2.4-snapshot.jar",
      "easy-rules-core": "https://packagecloud.io/sarahBuisson/snapshot/packages/java/org.jeasy/easy-rules-core-npm-3.2.4-snapshot.jar/artifacts/easy-rules-core-npm-3.2.4-snapshot.jar",
      "easy-rules-api": "https://packagecloud.io/sarahBuisson/snapshot/packages/java/org.jeasy/easy-rules-api-npm-3.2.4-snapshot.jar/artifacts/easy-rules-api-npm-3.2.4-snapshot.jar",
  
      "game": "../gameRules/build/libs/gameRules-npm-0.0.5-SNAPSHOT.jar"
    },
    "mavenRepositories": [
      "https://kotlin.bintray.com/kotlinx/",
      "https://dl.bintray.com/kotlin/kotlinx/",
      "https://packagecloud.io/sarahBuisson/snapshot/",
      "https://packagecloud.io/sarahBuisson/snapshot/maven2/",
      "https://packagecloud.io/sarahBuisson/sarahbuisson/maven2/"
    ],
    "description": ""
  }

yarn manifest: 
  No manifest

Lockfile: 
  No lockfile
